生成启动时间为 2020/1/2 9:55:54。
     1>项目“G:\c语言\车市\车市\车市.vcxproj”在节点 2 上(build 个目标)。
     1>InitializeBuildStatus:
         正在创建“Debug\车市.unsuccessfulbuild”，因为已指定“AlwaysCreate”。
       ClCompile:
         G:\Microsoft Visual Studio\Installer\zh-hant\VC\bin\CL.exe /c /ZI /nologo /W3 /WX- /Od /Oy- /D WIN32 /D _DEBUG /D _CONSOLE /D _UNICODE /D UNICODE /Gm /EHsc /RTC1 /MDd /GS /fp:precise /Zc:wchar_t /Zc:forScope /Fo"Debug\\" /Fd"Debug\vc100.pdb" /Gd /TP /analyze- /errorReport:prompt "测试.cpp"
         测试.cpp
     1>g:\c语言\车市\车市\测试.cpp(7): error C2065: “puase”: 未声明的标识符
     1>g:\c语言\车市\车市\测试.cpp(8): error C2143: 语法错误 : 缺少“;”(在“}”的前面)
     1>已完成生成项目“G:\c语言\车市\车市\车市.vcxproj”(build 个目标)的操作 - 失败。

生成失败。

已用时间 00:00:00.62
